Flutter crash report.
Please report a bug at https://github.com/flutter/flutter/issues.

## command

flutter run

## exception

WipError: WipError -32000 Cannot find context with specified id

```
```

## flutter doctor

```
[✓] Flutter (Channel stable, 3.0.3, on Microsoft Windows [Version 10.0.22000.739], locale en-IN)
    • Flutter version 3.0.3 at C:\src\flutter
    • Upstream repository https://github.com/flutter/flutter.git
    • Framework revision 676cefaaff (7 days ago), 2022-06-22 11:34:49 -0700
    • Engine revision ffe7b86a1e
    • Dart version 2.17.5
    • DevTools version 2.12.2

[✓] Android toolchain - develop for Android devices (Android SDK version 30.0.3)
    • Android SDK at C:\Users\Admin\AppData\Local\Android\sdk
    • Platform android-31, build-tools 30.0.3
    • Java binary at: C:\Program Files\Android\Android Studio\jre\bin\java
    • Java version OpenJDK Runtime Environment (build 11.0.12+7-b1504.28-7817840)
    • All Android licenses accepted.

[✓] Chrome - develop for the web
    • Chrome at C:\Program Files\Google\Chrome\Application\chrome.exe

[✓] Visual Studio - develop for Windows (Visual Studio Community 2019 16.9.3)
    • Visual Studio at C:\Program Files (x86)\Microsoft Visual Studio\2019\Community
    • Visual Studio Community 2019 version 16.9.31129.286
    • Windows 10 SDK version 10.0.19041.0

[✓] Android Studio (version 2021.2)
    • Android Studio at C:\Program Files\Android\Android Studio
    • Flutter plugin can be installed from:
      🔨 https://plugins.jetbrains.com/plugin/9212-flutter
    • Dart plugin can be installed from:
      🔨 https://plugins.jetbrains.com/plugin/6351-dart
    • Java version OpenJDK Runtime Environment (build 11.0.12+7-b1504.28-7817840)

[✓] Connected device (3 available)
    • Windows (desktop) • windows • windows-x64    • Microsoft Windows [Version 10.0.22000.739]
    • Chrome (web)      • chrome  • web-javascript • Google Chrome 103.0.5060.66
    • Edge (web)        • edge    • web-javascript • Microsoft Edge 102.0.1245.39

[✓] HTTP Host Availability
    • All required HTTP hosts are available

• No issues found!
```
